{"/home/kseng445/reviews/config.js": {"path":"/home/kseng445/reviews/config.js","statementMap":{"0":{"start":{"line":1,"column":0},"end":{"line":1,"column":27}},"1":{"start":{"line":3,"column":0},"end":{"line":5,"column":2}}},"fnMap":{},"branchMap":{},"s":{"0":1,"1":1},"f":{},"b":{},"_coverageSchema":"1a1c01bbd47fc00a2c39e90264f33305004495a9","hash":"add7f730318868273eadcc7cf137975f49e8b393"}
,"/home/kseng445/reviews/database/SQL/helpers.js": {"path":"/home/kseng445/reviews/database/SQL/helpers.js","statementMap":{"0":{"start":{"line":1,"column":11},"end":{"line":1,"column":32}},"1":{"start":{"line":3,"column":19},"end":{"line":35,"column":1}},"2":{"start":{"line":7,"column":2},"end":{"line":16,"column":3}},"3":{"start":{"line":9,"column":6},"end":{"line":9,"column":21}},"4":{"start":{"line":10,"column":6},"end":{"line":10,"column":12}},"5":{"start":{"line":12,"column":6},"end":{"line":12,"column":28}},"6":{"start":{"line":13,"column":6},"end":{"line":13,"column":12}},"7":{"start":{"line":15,"column":6},"end":{"line":15,"column":26}},"8":{"start":{"line":19,"column":2},"end":{"line":23,"column":3}},"9":{"start":{"line":20,"column":4},"end":{"line":20,"column":15}},"10":{"start":{"line":22,"column":4},"end":{"line":22,"column":32}},"11":{"start":{"line":25,"column":2},"end":{"line":34,"column":7}},"12":{"start":{"line":30,"column":6},"end":{"line":30,"column":23}},"13":{"start":{"line":33,"column":6},"end":{"line":33,"column":27}},"14":{"start":{"line":37,"column":24},"end":{"line":54,"column":1}},"15":{"start":{"line":38,"column":2},"end":{"line":53,"column":7}},"16":{"start":{"line":41,"column":6},"end":{"line":41,"column":27}},"17":{"start":{"line":42,"column":6},"end":{"line":48,"column":7}},"18":{"start":{"line":42,"column":19},"end":{"line":42,"column":20}},"19":{"start":{"line":43,"column":23},"end":{"line":46,"column":9}},"20":{"start":{"line":47,"column":8},"end":{"line":47,"column":39}},"21":{"start":{"line":49,"column":6},"end":{"line":49,"column":29}},"22":{"start":{"line":52,"column":6},"end":{"line":52,"column":27}},"23":{"start":{"line":56,"column":21},"end":{"line":73,"column":1}},"24":{"start":{"line":57,"column":13},"end":{"line":57,"column":58}},"25":{"start":{"line":59,"column":24},"end":{"line":70,"column":3}},"26":{"start":{"line":72,"column":2},"end":{"line":72,"column":25}},"27":{"start":{"line":75,"column":26},"end":{"line":138,"column":1}},"28":{"start":{"line":76,"column":2},"end":{"line":137,"column":7}},"29":{"start":{"line":84,"column":18},"end":{"line":84,"column":27}},"30":{"start":{"line":85,"column":20},"end":{"line":85,"column":22}},"31":{"start":{"line":86,"column":24},"end":{"line":86,"column":26}},"32":{"start":{"line":87,"column":28},"end":{"line":87,"column":30}},"33":{"start":{"line":88,"column":24},"end":{"line":88,"column":26}},"34":{"start":{"line":90,"column":6},"end":{"line":119,"column":7}},"35":{"start":{"line":90,"column":19},"end":{"line":90,"column":20}},"36":{"start":{"line":92,"column":8},"end":{"line":108,"column":9}},"37":{"start":{"line":93,"column":10},"end":{"line":93,"column":49}},"38":{"start":{"line":96,"column":10},"end":{"line":100,"column":11}},"39":{"start":{"line":97,"column":12},"end":{"line":97,"column":41}},"40":{"start":{"line":99,"column":12},"end":{"line":99,"column":39}},"41":{"start":{"line":103,"column":10},"end":{"line":107,"column":11}},"42":{"start":{"line":104,"column":12},"end":{"line":104,"column":48}},"43":{"start":{"line":106,"column":12},"end":{"line":106,"column":46}},"44":{"start":{"line":110,"column":8},"end":{"line":118,"column":9}},"45":{"start":{"line":111,"column":10},"end":{"line":114,"column":12}},"46":{"start":{"line":116,"column":10},"end":{"line":116,"column":68}},"47":{"start":{"line":117,"column":10},"end":{"line":117,"column":52}},"48":{"start":{"line":120,"column":6},"end":{"line":120,"column":35}},"49":{"start":{"line":122,"column":6},"end":{"line":126,"column":7}},"50":{"start":{"line":123,"column":8},"end":{"line":125,"column":51}},"51":{"start":{"line":128,"column":6},"end":{"line":133,"column":8}},"52":{"start":{"line":136,"column":6},"end":{"line":136,"column":27}},"53":{"start":{"line":140,"column":18},"end":{"line":193,"column":1}},"54":{"start":{"line":151,"column":13},"end":{"line":151,"column":33}},"55":{"start":{"line":152,"column":2},"end":{"line":192,"column":7}},"56":{"start":{"line":159,"column":22},"end":{"line":159,"column":37}},"57":{"start":{"line":160,"column":34},"end":{"line":160,"column":36}},"58":{"start":{"line":161,"column":25},"end":{"line":161,"column":27}},"59":{"start":{"line":163,"column":6},"end":{"line":170,"column":7}},"60":{"start":{"line":164,"column":8},"end":{"line":169,"column":10}},"61":{"start":{"line":172,"column":6},"end":{"line":178,"column":7}},"62":{"start":{"line":172,"column":19},"end":{"line":172,"column":20}},"63":{"start":{"line":173,"column":8},"end":{"line":177,"column":10}},"64":{"start":{"line":180,"column":6},"end":{"line":187,"column":11}},"65":{"start":{"line":182,"column":10},"end":{"line":182,"column":22}},"66":{"start":{"line":185,"column":10},"end":{"line":185,"column":29}},"67":{"start":{"line":186,"column":10},"end":{"line":186,"column":23}},"68":{"start":{"line":190,"column":6},"end":{"line":190,"column":25}},"69":{"start":{"line":191,"column":6},"end":{"line":191,"column":19}},"70":{"start":{"line":195,"column":20},"end":{"line":207,"column":1}},"71":{"start":{"line":196,"column":2},"end":{"line":206,"column":7}},"72":{"start":{"line":201,"column":6},"end":{"line":201,"column":18}},"73":{"start":{"line":204,"column":6},"end":{"line":204,"column":25}},"74":{"start":{"line":205,"column":6},"end":{"line":205,"column":19}},"75":{"start":{"line":209,"column":15},"end":{"line":219,"column":1}},"76":{"start":{"line":210,"column":2},"end":{"line":218,"column":7}},"77":{"start":{"line":213,"column":6},"end":{"line":213,"column":18}},"78":{"start":{"line":216,"column":6},"end":{"line":216,"column":25}},"79":{"start":{"line":217,"column":6},"end":{"line":217,"column":19}},"80":{"start":{"line":221,"column":0},"end":{"line":229,"column":2}}},"fnMap":{"0":{"name":"(anonymous_0)","decl":{"start":{"line":3,"column":19},"end":{"line":3,"column":20}},"loc":{"start":{"line":3,"column":54},"end":{"line":35,"column":1}},"line":3},"1":{"name":"(anonymous_1)","decl":{"start":{"line":29,"column":10},"end":{"line":29,"column":11}},"loc":{"start":{"line":29,"column":20},"end":{"line":31,"column":5}},"line":29},"2":{"name":"(anonymous_2)","decl":{"start":{"line":32,"column":11},"end":{"line":32,"column":12}},"loc":{"start":{"line":32,"column":20},"end":{"line":34,"column":5}},"line":32},"3":{"name":"(anonymous_3)","decl":{"start":{"line":37,"column":24},"end":{"line":37,"column":25}},"loc":{"start":{"line":37,"column":39},"end":{"line":54,"column":1}},"line":37},"4":{"name":"(anonymous_4)","decl":{"start":{"line":40,"column":10},"end":{"line":40,"column":11}},"loc":{"start":{"line":40,"column":22},"end":{"line":50,"column":5}},"line":40},"5":{"name":"(anonymous_5)","decl":{"start":{"line":51,"column":11},"end":{"line":51,"column":12}},"loc":{"start":{"line":51,"column":20},"end":{"line":53,"column":5}},"line":51},"6":{"name":"(anonymous_6)","decl":{"start":{"line":56,"column":21},"end":{"line":56,"column":22}},"loc":{"start":{"line":56,"column":33},"end":{"line":73,"column":1}},"line":56},"7":{"name":"(anonymous_7)","decl":{"start":{"line":75,"column":26},"end":{"line":75,"column":27}},"loc":{"start":{"line":75,"column":42},"end":{"line":138,"column":1}},"line":75},"8":{"name":"(anonymous_8)","decl":{"start":{"line":83,"column":10},"end":{"line":83,"column":11}},"loc":{"start":{"line":83,"column":20},"end":{"line":134,"column":5}},"line":83},"9":{"name":"(anonymous_9)","decl":{"start":{"line":135,"column":11},"end":{"line":135,"column":12}},"loc":{"start":{"line":135,"column":20},"end":{"line":137,"column":5}},"line":135},"10":{"name":"(anonymous_10)","decl":{"start":{"line":140,"column":18},"end":{"line":140,"column":19}},"loc":{"start":{"line":150,"column":5},"end":{"line":193,"column":1}},"line":150},"11":{"name":"(anonymous_11)","decl":{"start":{"line":158,"column":10},"end":{"line":158,"column":11}},"loc":{"start":{"line":158,"column":20},"end":{"line":188,"column":5}},"line":158},"12":{"name":"(anonymous_12)","decl":{"start":{"line":181,"column":14},"end":{"line":181,"column":15}},"loc":{"start":{"line":181,"column":24},"end":{"line":183,"column":9}},"line":181},"13":{"name":"(anonymous_13)","decl":{"start":{"line":184,"column":15},"end":{"line":184,"column":16}},"loc":{"start":{"line":184,"column":24},"end":{"line":187,"column":9}},"line":184},"14":{"name":"(anonymous_14)","decl":{"start":{"line":189,"column":11},"end":{"line":189,"column":12}},"loc":{"start":{"line":189,"column":20},"end":{"line":192,"column":5}},"line":189},"15":{"name":"(anonymous_15)","decl":{"start":{"line":195,"column":20},"end":{"line":195,"column":21}},"loc":{"start":{"line":195,"column":35},"end":{"line":207,"column":1}},"line":195},"16":{"name":"(anonymous_16)","decl":{"start":{"line":200,"column":10},"end":{"line":200,"column":11}},"loc":{"start":{"line":200,"column":16},"end":{"line":202,"column":5}},"line":200},"17":{"name":"(anonymous_17)","decl":{"start":{"line":203,"column":11},"end":{"line":203,"column":12}},"loc":{"start":{"line":203,"column":20},"end":{"line":206,"column":5}},"line":203},"18":{"name":"(anonymous_18)","decl":{"start":{"line":209,"column":15},"end":{"line":209,"column":16}},"loc":{"start":{"line":209,"column":30},"end":{"line":219,"column":1}},"line":209},"19":{"name":"(anonymous_19)","decl":{"start":{"line":212,"column":10},"end":{"line":212,"column":11}},"loc":{"start":{"line":212,"column":16},"end":{"line":214,"column":5}},"line":212},"20":{"name":"(anonymous_20)","decl":{"start":{"line":215,"column":11},"end":{"line":215,"column":12}},"loc":{"start":{"line":215,"column":20},"end":{"line":218,"column":5}},"line":215}},"branchMap":{"0":{"loc":{"start":{"line":7,"column":2},"end":{"line":16,"column":3}},"type":"switch","locations":[{"start":{"line":8,"column":4},"end":{"line":10,"column":12}},{"start":{"line":11,"column":4},"end":{"line":13,"column":12}},{"start":{"line":14,"column":4},"end":{"line":15,"column":26}}],"line":7},"1":{"loc":{"start":{"line":19,"column":2},"end":{"line":23,"column":3}},"type":"if","locations":[{"start":{"line":19,"column":2},"end":{"line":23,"column":3}},{"start":{"line":21,"column":9},"end":{"line":23,"column":3}}],"line":19},"2":{"loc":{"start":{"line":92,"column":8},"end":{"line":108,"column":9}},"type":"if","locations":[{"start":{"line":92,"column":8},"end":{"line":108,"column":9}},{"start":{},"end":{}}],"line":92},"3":{"loc":{"start":{"line":96,"column":10},"end":{"line":100,"column":11}},"type":"if","locations":[{"start":{"line":96,"column":10},"end":{"line":100,"column":11}},{"start":{"line":98,"column":17},"end":{"line":100,"column":11}}],"line":96},"4":{"loc":{"start":{"line":103,"column":10},"end":{"line":107,"column":11}},"type":"if","locations":[{"start":{"line":103,"column":10},"end":{"line":107,"column":11}},{"start":{"line":105,"column":17},"end":{"line":107,"column":11}}],"line":103},"5":{"loc":{"start":{"line":110,"column":8},"end":{"line":118,"column":9}},"type":"if","locations":[{"start":{"line":110,"column":8},"end":{"line":118,"column":9}},{"start":{"line":115,"column":15},"end":{"line":118,"column":9}}],"line":110}},"s":{"0":1,"1":1,"2":2,"3":0,"4":0,"5":0,"6":0,"7":2,"8":2,"9":2,"10":0,"11":2,"12":1,"13":0,"14":1,"15":2,"16":2,"17":2,"18":2,"19":0,"20":0,"21":2,"22":0,"23":1,"24":2,"25":2,"26":2,"27":1,"28":0,"29":0,"30":0,"31":0,"32":0,"33":0,"34":0,"35":0,"36":0,"37":0,"38":0,"39":0,"40":0,"41":0,"42":0,"43":0,"44":0,"45":0,"46":0,"47":0,"48":0,"49":0,"50":0,"51":0,"52":0,"53":1,"54":0,"55":0,"56":0,"57":0,"58":0,"59":0,"60":0,"61":0,"62":0,"63":0,"64":0,"65":0,"66":0,"67":0,"68":0,"69":0,"70":1,"71":0,"72":0,"73":0,"74":0,"75":1,"76":0,"77":0,"78":0,"79":0,"80":1},"f":{"0":2,"1":1,"2":0,"3":2,"4":2,"5":0,"6":2,"7":0,"8":0,"9":0,"10":0,"11":0,"12":0,"13":0,"14":0,"15":0,"16":0,"17":0,"18":0,"19":0,"20":0},"b":{"0":[0,0,2],"1":[2,0],"2":[0,0],"3":[0,0],"4":[0,0],"5":[0,0]},"_coverageSchema":"1a1c01bbd47fc00a2c39e90264f33305004495a9","hash":"9ba86aa1f0cf2c81915b1b3f473b89105af52de9"}
,"/home/kseng445/reviews/database/SQL/index.js": {"path":"/home/kseng445/reviews/database/SQL/index.js","statementMap":{"0":{"start":{"line":1,"column":19},"end":{"line":1,"column":32}},"1":{"start":{"line":3,"column":15},"end":{"line":9,"column":2}},"2":{"start":{"line":11,"column":0},"end":{"line":16,"column":3}},"3":{"start":{"line":12,"column":2},"end":{"line":14,"column":3}},"4":{"start":{"line":13,"column":4},"end":{"line":13,"column":14}},"5":{"start":{"line":15,"column":2},"end":{"line":15,"column":61}},"6":{"start":{"line":18,"column":0},"end":{"line":18,"column":24}}},"fnMap":{"0":{"name":"(anonymous_0)","decl":{"start":{"line":11,"column":15},"end":{"line":11,"column":16}},"loc":{"start":{"line":11,"column":24},"end":{"line":16,"column":1}},"line":11}},"branchMap":{"0":{"loc":{"start":{"line":12,"column":2},"end":{"line":14,"column":3}},"type":"if","locations":[{"start":{"line":12,"column":2},"end":{"line":14,"column":3}},{"start":{},"end":{}}],"line":12}},"s":{"0":1,"1":1,"2":1,"3":1,"4":0,"5":1,"6":1},"f":{"0":1},"b":{"0":[0,1]},"_coverageSchema":"1a1c01bbd47fc00a2c39e90264f33305004495a9","hash":"8d2af4bfd7accb2755bf50a7b7cba053c769bf6a"}
,"/home/kseng445/reviews/server/index.js": {"path":"/home/kseng445/reviews/server/index.js","statementMap":{"0":{"start":{"line":1,"column":16},"end":{"line":1,"column":34}},"1":{"start":{"line":2,"column":15},"end":{"line":2,"column":38}},"2":{"start":{"line":3,"column":19},"end":{"line":3,"column":54}},"3":{"start":{"line":4,"column":16},"end":{"line":4,"column":53}},"4":{"start":{"line":13,"column":4},"end":{"line":13,"column":11}},"5":{"start":{"line":15,"column":12},"end":{"line":15,"column":21}},"6":{"start":{"line":17,"column":0},"end":{"line":17,"column":24}},"7":{"start":{"line":19,"column":0},"end":{"line":60,"column":3}},"8":{"start":{"line":20,"column":42},"end":{"line":20,"column":51}},"9":{"start":{"line":21,"column":2},"end":{"line":21,"column":19}},"10":{"start":{"line":22,"column":2},"end":{"line":22,"column":21}},"11":{"start":{"line":23,"column":2},"end":{"line":23,"column":28}},"12":{"start":{"line":25,"column":2},"end":{"line":27,"column":3}},"13":{"start":{"line":26,"column":4},"end":{"line":26,"column":24}},"14":{"start":{"line":29,"column":24},"end":{"line":57,"column":3}},"15":{"start":{"line":30,"column":4},"end":{"line":56,"column":5}},"16":{"start":{"line":31,"column":20},"end":{"line":31,"column":67}},"17":{"start":{"line":32,"column":19},"end":{"line":32,"column":21}},"18":{"start":{"line":33,"column":6},"end":{"line":36,"column":9}},"19":{"start":{"line":34,"column":8},"end":{"line":34,"column":65}},"20":{"start":{"line":35,"column":8},"end":{"line":35,"column":36}},"21":{"start":{"line":37,"column":6},"end":{"line":44,"column":9}},"22":{"start":{"line":38,"column":8},"end":{"line":38,"column":26}},"23":{"start":{"line":39,"column":8},"end":{"line":43,"column":9}},"24":{"start":{"line":39,"column":21},"end":{"line":39,"column":22}},"25":{"start":{"line":40,"column":10},"end":{"line":42,"column":11}},"26":{"start":{"line":41,"column":12},"end":{"line":41,"column":40}},"27":{"start":{"line":45,"column":30},"end":{"line":50,"column":7}},"28":{"start":{"line":52,"column":6},"end":{"line":52,"column":46}},"29":{"start":{"line":54,"column":6},"end":{"line":54,"column":34}},"30":{"start":{"line":55,"column":6},"end":{"line":55,"column":26}},"31":{"start":{"line":59,"column":2},"end":{"line":59,"column":18}},"32":{"start":{"line":62,"column":0},"end":{"line":75,"column":3}},"33":{"start":{"line":63,"column":23},"end":{"line":63,"column":32}},"34":{"start":{"line":64,"column":31},"end":{"line":72,"column":3}},"35":{"start":{"line":65,"column":4},"end":{"line":71,"column":5}},"36":{"start":{"line":66,"column":21},"end":{"line":66,"column":56}},"37":{"start":{"line":67,"column":6},"end":{"line":67,"column":37}},"38":{"start":{"line":69,"column":6},"end":{"line":69,"column":34}},"39":{"start":{"line":70,"column":6},"end":{"line":70,"column":26}},"40":{"start":{"line":74,"column":2},"end":{"line":74,"column":25}},"41":{"start":{"line":77,"column":0},"end":{"line":106,"column":3}},"42":{"start":{"line":88,"column":6},"end":{"line":88,"column":14}},"43":{"start":{"line":89,"column":2},"end":{"line":105,"column":5}},"44":{"start":{"line":100,"column":4},"end":{"line":104,"column":5}},"45":{"start":{"line":101,"column":6},"end":{"line":101,"column":26}},"46":{"start":{"line":103,"column":6},"end":{"line":103,"column":26}},"47":{"start":{"line":108,"column":0},"end":{"line":117,"column":3}},"48":{"start":{"line":109,"column":18},"end":{"line":109,"column":38}},"49":{"start":{"line":110,"column":2},"end":{"line":116,"column":5}},"50":{"start":{"line":111,"column":4},"end":{"line":115,"column":5}},"51":{"start":{"line":112,"column":6},"end":{"line":112,"column":26}},"52":{"start":{"line":114,"column":6},"end":{"line":114,"column":26}},"53":{"start":{"line":119,"column":0},"end":{"line":128,"column":3}},"54":{"start":{"line":120,"column":18},"end":{"line":120,"column":38}},"55":{"start":{"line":121,"column":2},"end":{"line":127,"column":5}},"56":{"start":{"line":122,"column":4},"end":{"line":126,"column":5}},"57":{"start":{"line":123,"column":6},"end":{"line":123,"column":26}},"58":{"start":{"line":125,"column":6},"end":{"line":125,"column":26}},"59":{"start":{"line":130,"column":0},"end":{"line":132,"column":3}},"60":{"start":{"line":131,"column":2},"end":{"line":131,"column":55}},"61":{"start":{"line":134,"column":0},"end":{"line":134,"column":21}}},"fnMap":{"0":{"name":"(anonymous_0)","decl":{"start":{"line":19,"column":20},"end":{"line":19,"column":21}},"loc":{"start":{"line":19,"column":34},"end":{"line":60,"column":1}},"line":19},"1":{"name":"(anonymous_1)","decl":{"start":{"line":29,"column":24},"end":{"line":29,"column":25}},"loc":{"start":{"line":29,"column":36},"end":{"line":57,"column":3}},"line":29},"2":{"name":"(anonymous_2)","decl":{"start":{"line":33,"column":28},"end":{"line":33,"column":29}},"loc":{"start":{"line":33,"column":40},"end":{"line":36,"column":7}},"line":33},"3":{"name":"(anonymous_3)","decl":{"start":{"line":37,"column":37},"end":{"line":37,"column":38}},"loc":{"start":{"line":37,"column":47},"end":{"line":44,"column":7}},"line":37},"4":{"name":"(anonymous_4)","decl":{"start":{"line":62,"column":25},"end":{"line":62,"column":26}},"loc":{"start":{"line":62,"column":39},"end":{"line":75,"column":1}},"line":62},"5":{"name":"(anonymous_5)","decl":{"start":{"line":64,"column":31},"end":{"line":64,"column":32}},"loc":{"start":{"line":64,"column":43},"end":{"line":72,"column":3}},"line":64},"6":{"name":"(anonymous_6)","decl":{"start":{"line":77,"column":21},"end":{"line":77,"column":22}},"loc":{"start":{"line":77,"column":35},"end":{"line":106,"column":1}},"line":77},"7":{"name":"(anonymous_7)","decl":{"start":{"line":99,"column":9},"end":{"line":99,"column":10}},"loc":{"start":{"line":99,"column":26},"end":{"line":105,"column":3}},"line":99},"8":{"name":"(anonymous_8)","decl":{"start":{"line":108,"column":39},"end":{"line":108,"column":40}},"loc":{"start":{"line":108,"column":53},"end":{"line":117,"column":1}},"line":108},"9":{"name":"(anonymous_9)","decl":{"start":{"line":110,"column":30},"end":{"line":110,"column":31}},"loc":{"start":{"line":110,"column":47},"end":{"line":116,"column":3}},"line":110},"10":{"name":"(anonymous_10)","decl":{"start":{"line":119,"column":38},"end":{"line":119,"column":39}},"loc":{"start":{"line":119,"column":52},"end":{"line":128,"column":1}},"line":119},"11":{"name":"(anonymous_11)","decl":{"start":{"line":121,"column":25},"end":{"line":121,"column":26}},"loc":{"start":{"line":121,"column":42},"end":{"line":127,"column":3}},"line":121},"12":{"name":"(anonymous_12)","decl":{"start":{"line":130,"column":24},"end":{"line":130,"column":25}},"loc":{"start":{"line":130,"column":30},"end":{"line":132,"column":1}},"line":130}},"branchMap":{"0":{"loc":{"start":{"line":21,"column":9},"end":{"line":21,"column":18}},"type":"binary-expr","locations":[{"start":{"line":21,"column":9},"end":{"line":21,"column":13}},{"start":{"line":21,"column":17},"end":{"line":21,"column":18}}],"line":21},"1":{"loc":{"start":{"line":22,"column":10},"end":{"line":22,"column":20}},"type":"binary-expr","locations":[{"start":{"line":22,"column":10},"end":{"line":22,"column":15}},{"start":{"line":22,"column":19},"end":{"line":22,"column":20}}],"line":22},"2":{"loc":{"start":{"line":23,"column":9},"end":{"line":23,"column":27}},"type":"binary-expr","locations":[{"start":{"line":23,"column":9},"end":{"line":23,"column":13}},{"start":{"line":23,"column":17},"end":{"line":23,"column":27}}],"line":23},"3":{"loc":{"start":{"line":25,"column":2},"end":{"line":27,"column":3}},"type":"if","locations":[{"start":{"line":25,"column":2},"end":{"line":27,"column":3}},{"start":{},"end":{}}],"line":25},"4":{"loc":{"start":{"line":40,"column":10},"end":{"line":42,"column":11}},"type":"if","locations":[{"start":{"line":40,"column":10},"end":{"line":42,"column":11}},{"start":{},"end":{}}],"line":40},"5":{"loc":{"start":{"line":100,"column":4},"end":{"line":104,"column":5}},"type":"if","locations":[{"start":{"line":100,"column":4},"end":{"line":104,"column":5}},{"start":{"line":102,"column":11},"end":{"line":104,"column":5}}],"line":100},"6":{"loc":{"start":{"line":111,"column":4},"end":{"line":115,"column":5}},"type":"if","locations":[{"start":{"line":111,"column":4},"end":{"line":115,"column":5}},{"start":{"line":113,"column":11},"end":{"line":115,"column":5}}],"line":111},"7":{"loc":{"start":{"line":122,"column":4},"end":{"line":126,"column":5}},"type":"if","locations":[{"start":{"line":122,"column":4},"end":{"line":126,"column":5}},{"start":{"line":124,"column":11},"end":{"line":126,"column":5}}],"line":122}},"s":{"0":1,"1":1,"2":1,"3":1,"4":1,"5":1,"6":1,"7":1,"8":2,"9":2,"10":2,"11":2,"12":2,"13":1,"14":2,"15":2,"16":2,"17":1,"18":1,"19":2,"20":2,"21":1,"22":1,"23":1,"24":1,"25":2,"26":0,"27":1,"28":1,"29":0,"30":0,"31":2,"32":1,"33":0,"34":0,"35":0,"36":0,"37":0,"38":0,"39":0,"40":0,"41":1,"42":0,"43":0,"44":0,"45":0,"46":0,"47":1,"48":0,"49":0,"50":0,"51":0,"52":0,"53":1,"54":0,"55":0,"56":0,"57":0,"58":0,"59":1,"60":1,"61":1},"f":{"0":2,"1":2,"2":2,"3":1,"4":0,"5":0,"6":0,"7":0,"8":0,"9":0,"10":0,"11":0,"12":1},"b":{"0":[2,2],"1":[2,2],"2":[2,2],"3":[1,1],"4":[0,2],"5":[0,0],"6":[0,0],"7":[0,0]},"_coverageSchema":"1a1c01bbd47fc00a2c39e90264f33305004495a9","hash":"f0e8fafb14d1e92a478b516ada3834d746f7e91b"}
}
