TN:
SF:config.js
FNF:0
FNH:0
DA:1,1
DA:3,1
LF:2
LH:2
BRF:0
BRH:0
end_of_record
TN:
SF:database/SQL/helpers.js
FN:3,(anonymous_0)
FN:29,(anonymous_1)
FN:32,(anonymous_2)
FN:37,(anonymous_3)
FN:40,(anonymous_4)
FN:51,(anonymous_5)
FN:56,(anonymous_6)
FN:75,(anonymous_7)
FN:83,(anonymous_8)
FN:135,(anonymous_9)
FN:140,(anonymous_10)
FN:158,(anonymous_11)
FN:181,(anonymous_12)
FN:184,(anonymous_13)
FN:189,(anonymous_14)
FN:195,(anonymous_15)
FN:200,(anonymous_16)
FN:203,(anonymous_17)
FN:209,(anonymous_18)
FN:212,(anonymous_19)
FN:215,(anonymous_20)
FNF:21
FNH:5
FNDA:2,(anonymous_0)
FNDA:1,(anonymous_1)
FNDA:0,(anonymous_2)
FNDA:2,(anonymous_3)
FNDA:2,(anonymous_4)
FNDA:0,(anonymous_5)
FNDA:2,(anonymous_6)
FNDA:0,(anonymous_7)
FNDA:0,(anonymous_8)
FNDA:0,(anonymous_9)
FNDA:0,(anonymous_10)
FNDA:0,(anonymous_11)
FNDA:0,(anonymous_12)
FNDA:0,(anonymous_13)
FNDA:0,(anonymous_14)
FNDA:0,(anonymous_15)
FNDA:0,(anonymous_16)
FNDA:0,(anonymous_17)
FNDA:0,(anonymous_18)
FNDA:0,(anonymous_19)
FNDA:0,(anonymous_20)
DA:1,1
DA:3,1
DA:7,2
DA:9,0
DA:10,0
DA:12,0
DA:13,0
DA:15,2
DA:19,2
DA:20,2
DA:22,0
DA:25,2
DA:30,1
DA:33,0
DA:37,1
DA:38,2
DA:41,2
DA:42,2
DA:43,0
DA:47,0
DA:49,2
DA:52,0
DA:56,1
DA:57,2
DA:59,2
DA:72,2
DA:75,1
DA:76,0
DA:84,0
DA:85,0
DA:86,0
DA:87,0
DA:88,0
DA:90,0
DA:92,0
DA:93,0
DA:96,0
DA:97,0
DA:99,0
DA:103,0
DA:104,0
DA:106,0
DA:110,0
DA:111,0
DA:116,0
DA:117,0
DA:120,0
DA:122,0
DA:123,0
DA:128,0
DA:136,0
DA:140,1
DA:151,0
DA:152,0
DA:159,0
DA:160,0
DA:161,0
DA:163,0
DA:164,0
DA:172,0
DA:173,0
DA:180,0
DA:182,0
DA:185,0
DA:186,0
DA:190,0
DA:191,0
DA:195,1
DA:196,0
DA:201,0
DA:204,0
DA:205,0
DA:209,1
DA:210,0
DA:213,0
DA:216,0
DA:217,0
DA:221,1
LF:78
LH:22
BRDA:7,0,0,0
BRDA:7,0,1,0
BRDA:7,0,2,2
BRDA:19,1,0,2
BRDA:19,1,1,0
BRDA:92,2,0,0
BRDA:92,2,1,0
BRDA:96,3,0,0
BRDA:96,3,1,0
BRDA:103,4,0,0
BRDA:103,4,1,0
BRDA:110,5,0,0
BRDA:110,5,1,0
BRF:13
BRH:2
end_of_record
TN:
SF:database/SQL/index.js
FN:11,(anonymous_0)
FNF:1
FNH:1
FNDA:1,(anonymous_0)
DA:1,1
DA:3,1
DA:11,1
DA:12,1
DA:13,0
DA:15,1
DA:18,1
LF:7
LH:6
BRDA:12,0,0,0
BRDA:12,0,1,1
BRF:2
BRH:1
end_of_record
TN:
SF:server/index.js
FN:19,(anonymous_0)
FN:29,(anonymous_1)
FN:33,(anonymous_2)
FN:37,(anonymous_3)
FN:62,(anonymous_4)
FN:64,(anonymous_5)
FN:77,(anonymous_6)
FN:99,(anonymous_7)
FN:108,(anonymous_8)
FN:110,(anonymous_9)
FN:119,(anonymous_10)
FN:121,(anonymous_11)
FN:130,(anonymous_12)
FNF:13
FNH:5
FNDA:2,(anonymous_0)
FNDA:2,(anonymous_1)
FNDA:2,(anonymous_2)
FNDA:1,(anonymous_3)
FNDA:0,(anonymous_4)
FNDA:0,(anonymous_5)
FNDA:0,(anonymous_6)
FNDA:0,(anonymous_7)
FNDA:0,(anonymous_8)
FNDA:0,(anonymous_9)
FNDA:0,(anonymous_10)
FNDA:0,(anonymous_11)
FNDA:1,(anonymous_12)
DA:1,1
DA:2,1
DA:3,1
DA:4,1
DA:13,1
DA:15,1
DA:17,1
DA:19,1
DA:20,2
DA:21,2
DA:22,2
DA:23,2
DA:25,2
DA:26,1
DA:29,2
DA:30,2
DA:31,2
DA:32,1
DA:33,1
DA:34,2
DA:35,2
DA:37,1
DA:38,1
DA:39,1
DA:40,2
DA:41,0
DA:45,1
DA:52,1
DA:54,0
DA:55,0
DA:59,2
DA:62,1
DA:63,0
DA:64,0
DA:65,0
DA:66,0
DA:67,0
DA:69,0
DA:70,0
DA:74,0
DA:77,1
DA:88,0
DA:89,0
DA:100,0
DA:101,0
DA:103,0
DA:108,1
DA:109,0
DA:110,0
DA:111,0
DA:112,0
DA:114,0
DA:119,1
DA:120,0
DA:121,0
DA:122,0
DA:123,0
DA:125,0
DA:130,1
DA:131,1
DA:134,1
LF:61
LH:35
BRDA:21,0,0,2
BRDA:21,0,1,2
BRDA:22,1,0,2
BRDA:22,1,1,2
BRDA:23,2,0,2
BRDA:23,2,1,2
BRDA:25,3,0,1
BRDA:25,3,1,1
BRDA:40,4,0,0
BRDA:40,4,1,2
BRDA:100,5,0,0
BRDA:100,5,1,0
BRDA:111,6,0,0
BRDA:111,6,1,0
BRDA:122,7,0,0
BRDA:122,7,1,0
BRF:16
BRH:9
end_of_record
